[debug] [2023-02-20T14:22:13.429Z] ----------------------------------------------------------------------
[debug] [2023-02-20T14:22:13.430Z] Command:       /Users/teraichi/.nodebrew/node/v16.17.0/bin/node /usr/local/bin/firebase emulators:start --import=./data
[debug] [2023-02-20T14:22:13.430Z] CLI Version:   9.23.3
[debug] [2023-02-20T14:22:13.431Z] Platform:      darwin
[debug] [2023-02-20T14:22:13.431Z] Node Version:  v16.17.0
[debug] [2023-02-20T14:22:13.434Z] Time:          Mon Feb 20 2023 23:22:13 GMT+0900 (日本標準時)
[debug] [2023-02-20T14:22:13.434Z] ----------------------------------------------------------------------
[debug] 
[debug] [2023-02-20T14:22:13.458Z] > command requires scopes: ["email","openid","https://www.googleapis.com/auth/cloudplatformprojects.readonly","https://www.googleapis.com/auth/firebase","https://www.googleapis.com/auth/cloud-platform"]
[debug] [2023-02-20T14:22:13.458Z] > authorizing via signed-in user (trmtikko@gmail.com)
[info] i  emulators: Starting emulators: auth, firestore {"metadata":{"emulator":{"name":"hub"},"message":"Starting emulators: auth, firestore"}}
[debug] [2023-02-20T14:22:13.467Z] [hub] writing locator at /var/folders/2q/llb9vd9n39j5pfc7cwkjw8680000gn/T/hub-mukimukihealth2.json
[info] i  firestore: Importing data from /Users/teraichi/mukimuki_health/data/firestore_export/firestore_export.overall_export_metadata {"metadata":{"emulator":{"name":"firestore"},"message":"Importing data from /Users/teraichi/mukimuki_health/data/firestore_export/firestore_export.overall_export_metadata"}}
[warn] ⚠  firestore: Did not find a Cloud Firestore rules file specified in a firebase.json config file. {"metadata":{"emulator":{"name":"firestore"},"message":"Did not find a Cloud Firestore rules file specified in a firebase.json config file."}}
[warn] ⚠  firestore: The emulator will default to allowing all reads and writes. Learn more about this option: https://firebase.google.com/docs/emulator-suite/install_and_configure#security_rules_configuration. {"metadata":{"emulator":{"name":"firestore"},"message":"The emulator will default to allowing all reads and writes. Learn more about this option: https://firebase.google.com/docs/emulator-suite/install_and_configure#security_rules_configuration."}}
[debug] [2023-02-20T14:22:13.552Z] Ignoring unsupported arg: projectId {"metadata":{"emulator":{"name":"firestore"},"message":"Ignoring unsupported arg: projectId"}}
[debug] [2023-02-20T14:22:13.553Z] Ignoring unsupported arg: auto_download {"metadata":{"emulator":{"name":"firestore"},"message":"Ignoring unsupported arg: auto_download"}}
[debug] [2023-02-20T14:22:13.553Z] Starting Firestore Emulator with command {"binary":"java","args":["-Dgoogle.cloud_firestore.debug_log_level=FINE","-Duser.language=en","-jar","/Users/teraichi/.cache/firebase/emulators/cloud-firestore-emulator-v1.13.1.jar","--host","localhost","--port",8081,"--seed_from_export","/Users/teraichi/mukimuki_health/data/firestore_export/firestore_export.overall_export_metadata"],"optionalArgs":["port","webchannel_port","host","rules","functions_emulator","seed_from_export"],"joinArgs":false} {"metadata":{"emulator":{"name":"firestore"},"message":"Starting Firestore Emulator with command {\"binary\":\"java\",\"args\":[\"-Dgoogle.cloud_firestore.debug_log_level=FINE\",\"-Duser.language=en\",\"-jar\",\"/Users/teraichi/.cache/firebase/emulators/cloud-firestore-emulator-v1.13.1.jar\",\"--host\",\"localhost\",\"--port\",8081,\"--seed_from_export\",\"/Users/teraichi/mukimuki_health/data/firestore_export/firestore_export.overall_export_metadata\"],\"optionalArgs\":[\"port\",\"webchannel_port\",\"host\",\"rules\",\"functions_emulator\",\"seed_from_export\"],\"joinArgs\":false}"}}
[info] i  firestore: Firestore Emulator logging to firestore-debug.log {"metadata":{"emulator":{"name":"firestore"},"message":"Firestore Emulator logging to \u001b[1mfirestore-debug.log\u001b[22m"}}
[debug] [2023-02-20T14:22:15.447Z] Feb 20, 2023 11:22:15 PM com.google.cloud.datastore.emulator.firestore.websocket.WebSocketServer start
INFO: Started WebSocket server on ws://localhost:60616
 {"metadata":{"emulator":{"name":"firestore"},"message":"Feb 20, 2023 11:22:15 PM com.google.cloud.datastore.emulator.firestore.websocket.WebSocketServer start\nINFO: Started WebSocket server on ws://localhost:60616\n"}}
[debug] [2023-02-20T14:22:15.479Z] API endpoint: http:// {"metadata":{"emulator":{"name":"firestore"},"message":"API endpoint: http://"}}
[debug] [2023-02-20T14:22:15.479Z] localhost:8081
If you are using a library that supports the FIRESTORE_EMULATOR_HOST environment variable, run:

   export FIRESTORE_EMULATOR_HOST=localhost:8081

Dev App Server is now running.

 {"metadata":{"emulator":{"name":"firestore"},"message":"localhost:8081\nIf you are using a library that supports the FIRESTORE_EMULATOR_HOST environment variable, run:\n\n   export FIRESTORE_EMULATOR_HOST=localhost:8081\n\nDev App Server is now running.\n\n"}}
[info] i  auth: Importing config from /Users/teraichi/mukimuki_health/data/auth_export/config.json {"metadata":{"emulator":{"name":"database"},"message":"Importing config from /Users/teraichi/mukimuki_health/data/auth_export/config.json"}}
[info] i  auth: Importing accounts from /Users/teraichi/mukimuki_health/data/auth_export/accounts.json {"metadata":{"emulator":{"name":"database"},"message":"Importing accounts from /Users/teraichi/mukimuki_health/data/auth_export/accounts.json"}}
[debug] [2023-02-20T14:22:16.557Z] Ignoring unsupported arg: auto_download {"metadata":{"emulator":{"name":"ui"},"message":"Ignoring unsupported arg: auto_download"}}
[debug] [2023-02-20T14:22:16.557Z] Ignoring unsupported arg: port {"metadata":{"emulator":{"name":"ui"},"message":"Ignoring unsupported arg: port"}}
[debug] [2023-02-20T14:22:16.557Z] Starting Emulator UI with command {"binary":"node","args":["/Users/teraichi/.cache/firebase/emulators/ui-v1.6.4/server.bundle.js"],"optionalArgs":[],"joinArgs":false} {"metadata":{"emulator":{"name":"ui"},"message":"Starting Emulator UI with command {\"binary\":\"node\",\"args\":[\"/Users/teraichi/.cache/firebase/emulators/ui-v1.6.4/server.bundle.js\"],\"optionalArgs\":[],\"joinArgs\":false}"}}
[info] i  ui: Emulator UI logging to ui-debug.log {"metadata":{"emulator":{"name":"ui"},"message":"Emulator UI logging to \u001b[1mui-debug.log\u001b[22m"}}
[debug] [2023-02-20T14:22:16.608Z] Web / API server started at localhost:4000
 {"metadata":{"emulator":{"name":"ui"},"message":"Web / API server started at localhost:4000\n"}}
[info] 
┌─────────────────────────────────────────────────────────────┐
│ ✔  All emulators ready! It is now safe to connect your app. │
│ i  View Emulator UI at http://localhost:4000                │
└─────────────────────────────────────────────────────────────┘

┌────────────────┬────────────────┬─────────────────────────────────┐
│ Emulator       │ Host:Port      │ View in Emulator UI             │
├────────────────┼────────────────┼─────────────────────────────────┤
│ Authentication │ localhost:9099 │ http://localhost:4000/auth      │
├────────────────┼────────────────┼─────────────────────────────────┤
│ Firestore      │ localhost:8081 │ http://localhost:4000/firestore │
└────────────────┴────────────────┴─────────────────────────────────┘
  Emulator Hub running at localhost:4400
  Other reserved ports: 4500

Issues? Report them at https://github.com/firebase/firebase-tools/issues and attach the *-debug.log files.
 
